CRITICAL - 2026-07-06 05:26:05 --> ErrorException: Undefined array key "date_signature"
[Method: GET, Route: contrat]
in APPPATH\Views\contrat\index.php on line 37.
 1 APPPATH\Views\contrat\index.php(37): CodeIgniter\Debug\Exceptions->errorHandler(2, 'Undefined array key "date_signature"', 'C:\\Users\\Harena\\Documents\\MmeBaovola\\ERP_AROVIA\\app\\Views\\contrat\\index.php', 37)
 2 SYSTEMPATH\View\View.php(240): include('C:\\Users\\Harena\\Documents\\MmeBaovola\\ERP_AROVIA\\app\\Views\\contrat\\index.php')
 3 SYSTEMPATH\View\View.php(243): CodeIgniter\View\View->{closure:CodeIgniter\View\View::render():237}()
 4 SYSTEMPATH\Common.php(1250): CodeIgniter\View\View->render('contrat/index', [], true)
 5 APPPATH\Controllers\ContratController.php(82): view('contrat/index', [...])
 6 SYSTEMPATH\CodeIgniter.php(951): App\Controllers\ContratController->index()
 7 SYSTEMPATH\CodeIgniter.php(497): CodeIgniter\CodeIgniter->runController(Object(App\Controllers\ContratController))
 8 SYSTEMPATH\CodeIgniter.php(340): CodeIgniter\CodeIgniter->handleRequest(null, Object(Config\Cache), false)
 9 SYSTEMPATH\Boot.php(417): CodeIgniter\CodeIgniter->run()
10 SYSTEMPATH\Boot.php(68): CodeIgniter\Boot::runCodeIgniter(Object(CodeIgniter\CodeIgniter))
11 FCPATH\index.php(59): CodeIgniter\Boot::bootWeb(Object(Config\Paths))
CRITICAL - 2026-07-06 05:32:19 --> ErrorException: Undefined array key "date_expiration"
[Method: GET, Route: contrat]
in APPPATH\Views\contrat\index.php on line 38.
 1 APPPATH\Views\contrat\index.php(38): CodeIgniter\Debug\Exceptions->errorHandler(2, 'Undefined array key "date_expiration"', 'C:\\Users\\Harena\\Documents\\MmeBaovola\\ERP_AROVIA\\app\\Views\\contrat\\index.php', 38)
 2 SYSTEMPATH\View\View.php(240): include('C:\\Users\\Harena\\Documents\\MmeBaovola\\ERP_AROVIA\\app\\Views\\contrat\\index.php')
 3 SYSTEMPATH\View\View.php(243): CodeIgniter\View\View->{closure:CodeIgniter\View\View::render():237}()
 4 SYSTEMPATH\Common.php(1250): CodeIgniter\View\View->render('contrat/index', [], true)
 5 APPPATH\Controllers\ContratController.php(82): view('contrat/index', [...])
 6 SYSTEMPATH\CodeIgniter.php(951): App\Controllers\ContratController->index()
 7 SYSTEMPATH\CodeIgniter.php(497): CodeIgniter\CodeIgniter->runController(Object(App\Controllers\ContratController))
 8 SYSTEMPATH\CodeIgniter.php(340): CodeIgniter\CodeIgniter->handleRequest(null, Object(Config\Cache), false)
 9 SYSTEMPATH\Boot.php(417): CodeIgniter\CodeIgniter->run()
10 SYSTEMPATH\Boot.php(68): CodeIgniter\Boot::runCodeIgniter(Object(CodeIgniter\CodeIgniter))
11 FCPATH\index.php(59): CodeIgniter\Boot::bootWeb(Object(Config\Paths))
CRITICAL - 2026-07-06 05:41:57 --> TypeError: implode(): Argument #1 ($separator) must be of type string, array given
[Method: GET, Route: transformations]
in APPPATH\Models\TransformationModel.php on line 74.
 1 APPPATH\Models\TransformationModel.php(74): implode([...], ', ')
 2 APPPATH\Controllers\Transformations.php(27): App\Models\TransformationModel->getHistorique()
 3 SYSTEMPATH\CodeIgniter.php(951): App\Controllers\Transformations->index()
 4 SYSTEMPATH\CodeIgniter.php(497): CodeIgniter\CodeIgniter->runController(Object(App\Controllers\Transformations))
 5 SYSTEMPATH\CodeIgniter.php(340): CodeIgniter\CodeIgniter->handleRequest(null, Object(Config\Cache), false)
 6 SYSTEMPATH\Boot.php(417): CodeIgniter\CodeIgniter->run()
 7 SYSTEMPATH\Boot.php(68): CodeIgniter\Boot::runCodeIgniter(Object(CodeIgniter\CodeIgniter))
 8 FCPATH\index.php(59): CodeIgniter\Boot::bootWeb(Object(Config\Paths))
CRITICAL - 2026-07-06 05:46:04 --> TypeError: implode(): Argument #1 ($separator) must be of type string, array given
[Method: GET, Route: transformations]
in APPPATH\Models\TransformationModel.php on line 74.
 1 APPPATH\Models\TransformationModel.php(74): implode([...], ', ')
 2 APPPATH\Controllers\Transformations.php(27): App\Models\TransformationModel->getHistorique()
 3 SYSTEMPATH\CodeIgniter.php(951): App\Controllers\Transformations->index()
 4 SYSTEMPATH\CodeIgniter.php(497): CodeIgniter\CodeIgniter->runController(Object(App\Controllers\Transformations))
 5 SYSTEMPATH\CodeIgniter.php(340): CodeIgniter\CodeIgniter->handleRequest(null, Object(Config\Cache), false)
 6 SYSTEMPATH\Boot.php(417): CodeIgniter\CodeIgniter->run()
 7 SYSTEMPATH\Boot.php(68): CodeIgniter\Boot::runCodeIgniter(Object(CodeIgniter\CodeIgniter))
 8 FCPATH\index.php(59): CodeIgniter\Boot::bootWeb(Object(Config\Paths))
